<?xml version="1.0" encoding="UTF-8"?>
<!-- Generated by org.testng.reporters.JUnitXMLReporter -->
<testsuite ignored="0" hostname="DESKTOP-NE9VC4L" failures="0" tests="6" name="Default test" time="9.066" errors="0" timestamp="2025-10-16T14:21:17 EET">
  <testcase classname="Testcase1" name="login" time="0.789"/>
  <testcase classname="Testcase1" name="addToCart" time="0.478"/>
  <testcase classname="Testcase1" name="remove" time="0.467"/>
  <testcase classname="Testcase1" name="addAfterRemove" time="0.469"/>
  <testcase classname="Testcase1" name="checkAddToCart" time="1.7"/>
  <testcase classname="Testcase1" name="logout" time="1.544"/>
</testsuite> <!-- Default test -->
